2025-08-12 14:31:07.426 [main] INFO  com.itpractice.xiaohongshu.auth.RedisTests - Starting RedisTests using Java 17.0.12 with PID 3360 (started by 31027 in D:\J2EE\TEST\xiaohongshu\xiaohongshu-auth)
2025-08-12 14:31:07.427 [main] INFO  com.itpractice.xiaohongshu.auth.RedisTests - The following 1 profile is active: "dev"
2025-08-12 14:31:08.080 [main] INFO  o.s.d.r.config.RepositoryConfigurationDelegate - Multiple Spring Data modules found, entering strict repository configuration mode
2025-08-12 14:31:08.083 [main] INFO  o.s.d.r.config.RepositoryConfigurationDelegate - Bootstrapping Spring Data Redis repositories in DEFAULT mode.
2025-08-12 14:31:08.118 [main] INFO  o.s.d.r.config.RepositoryConfigurationDelegate - Finished Spring Data repository scanning in 14 ms. Found 0 Redis repository interfaces.
2025-08-12 14:31:09.567 [main] INFO  c.a.d.s.b.a.DruidDataSourceAutoConfigure - Init DruidDataSource
2025-08-12 14:31:10.044 [main] INFO  com.alibaba.druid.pool.DruidDataSource - {dataSource-1} inited
2025-08-12 14:31:10.528 [main] INFO  com.itpractice.xiaohongshu.auth.RedisTests - Started RedisTests in 3.476 seconds (process running for 4.272)
2025-08-12 14:31:11.781 [SpringApplicationShutdownHook] INFO  com.alibaba.druid.pool.DruidDataSource - {dataSource-1} closing ...
2025-08-12 14:31:11.788 [SpringApplicationShutdownHook] INFO  com.alibaba.druid.pool.DruidDataSource - {dataSource-1} closed
2025-08-12 14:33:36.125 [main] INFO  com.itpractice.xiaohongshu.auth.RedisTests - Starting RedisTests using Java 17.0.12 with PID 29468 (started by 31027 in D:\J2EE\TEST\xiaohongshu\xiaohongshu-auth)
2025-08-12 14:33:36.125 [main] INFO  com.itpractice.xiaohongshu.auth.RedisTests - The following 1 profile is active: "dev"
2025-08-12 14:33:36.786 [main] INFO  o.s.d.r.config.RepositoryConfigurationDelegate - Multiple Spring Data modules found, entering strict repository configuration mode
2025-08-12 14:33:36.790 [main] INFO  o.s.d.r.config.RepositoryConfigurationDelegate - Bootstrapping Spring Data Redis repositories in DEFAULT mode.
2025-08-12 14:33:36.822 [main] INFO  o.s.d.r.config.RepositoryConfigurationDelegate - Finished Spring Data repository scanning in 13 ms. Found 0 Redis repository interfaces.
2025-08-12 14:33:38.215 [main] INFO  c.a.d.s.b.a.DruidDataSourceAutoConfigure - Init DruidDataSource
2025-08-12 14:33:38.715 [main] INFO  com.alibaba.druid.pool.DruidDataSource - {dataSource-1} inited
2025-08-12 14:33:39.230 [main] INFO  com.itpractice.xiaohongshu.auth.RedisTests - Started RedisTests in 3.531 seconds (process running for 4.348)
2025-08-12 14:33:40.470 [SpringApplicationShutdownHook] INFO  com.alibaba.druid.pool.DruidDataSource - {dataSource-1} closing ...
2025-08-12 14:33:40.480 [SpringApplicationShutdownHook] INFO  com.alibaba.druid.pool.DruidDataSource - {dataSource-1} closed
2025-08-12 14:34:26.802 [main] INFO  com.itpractice.xiaohongshu.auth.RedisTests - Starting RedisTests using Java 17.0.12 with PID 11460 (started by 31027 in D:\J2EE\TEST\xiaohongshu\xiaohongshu-auth)
2025-08-12 14:34:26.804 [main] INFO  com.itpractice.xiaohongshu.auth.RedisTests - The following 1 profile is active: "dev"
2025-08-12 14:34:27.504 [main] INFO  o.s.d.r.config.RepositoryConfigurationDelegate - Multiple Spring Data modules found, entering strict repository configuration mode
2025-08-12 14:34:27.507 [main] INFO  o.s.d.r.config.RepositoryConfigurationDelegate - Bootstrapping Spring Data Redis repositories in DEFAULT mode.
2025-08-12 14:34:27.544 [main] INFO  o.s.d.r.config.RepositoryConfigurationDelegate - Finished Spring Data repository scanning in 14 ms. Found 0 Redis repository interfaces.
2025-08-12 14:34:28.998 [main] INFO  c.a.d.s.b.a.DruidDataSourceAutoConfigure - Init DruidDataSource
2025-08-12 14:34:29.579 [main] INFO  com.alibaba.druid.pool.DruidDataSource - {dataSource-1} inited
2025-08-12 14:34:30.133 [main] INFO  com.itpractice.xiaohongshu.auth.RedisTests - Started RedisTests in 3.711 seconds (process running for 4.514)
2025-08-12 14:34:31.250 [main] INFO  com.itpractice.xiaohongshu.auth.RedisTests - key 是否存在：true
2025-08-12 14:34:31.273 [SpringApplicationShutdownHook] INFO  com.alibaba.druid.pool.DruidDataSource - {dataSource-1} closing ...
2025-08-12 14:34:31.283 [SpringApplicationShutdownHook] INFO  com.alibaba.druid.pool.DruidDataSource - {dataSource-1} closed
2025-08-12 14:34:49.441 [main] INFO  com.itpractice.xiaohongshu.auth.RedisTests - Starting RedisTests using Java 17.0.12 with PID 20620 (started by 31027 in D:\J2EE\TEST\xiaohongshu\xiaohongshu-auth)
2025-08-12 14:34:49.442 [main] INFO  com.itpractice.xiaohongshu.auth.RedisTests - The following 1 profile is active: "dev"
2025-08-12 14:34:50.144 [main] INFO  o.s.d.r.config.RepositoryConfigurationDelegate - Multiple Spring Data modules found, entering strict repository configuration mode
2025-08-12 14:34:50.148 [main] INFO  o.s.d.r.config.RepositoryConfigurationDelegate - Bootstrapping Spring Data Redis repositories in DEFAULT mode.
2025-08-12 14:34:50.182 [main] INFO  o.s.d.r.config.RepositoryConfigurationDelegate - Finished Spring Data repository scanning in 12 ms. Found 0 Redis repository interfaces.
2025-08-12 14:34:51.596 [main] INFO  c.a.d.s.b.a.DruidDataSourceAutoConfigure - Init DruidDataSource
2025-08-12 14:34:52.049 [main] INFO  com.alibaba.druid.pool.DruidDataSource - {dataSource-1} inited
2025-08-12 14:34:52.531 [main] INFO  com.itpractice.xiaohongshu.auth.RedisTests - Started RedisTests in 3.484 seconds (process running for 4.357)
2025-08-12 14:34:53.721 [main] INFO  com.itpractice.xiaohongshu.auth.RedisTests - value 值：cyb
2025-08-12 14:34:53.735 [SpringApplicationShutdownHook] INFO  com.alibaba.druid.pool.DruidDataSource - {dataSource-1} closing ...
2025-08-12 14:34:53.741 [SpringApplicationShutdownHook] INFO  com.alibaba.druid.pool.DruidDataSource - {dataSource-1} closed
2025-08-12 14:35:03.013 [main] INFO  com.itpractice.xiaohongshu.auth.RedisTests - Starting RedisTests using Java 17.0.12 with PID 30316 (started by 31027 in D:\J2EE\TEST\xiaohongshu\xiaohongshu-auth)
2025-08-12 14:35:03.014 [main] INFO  com.itpractice.xiaohongshu.auth.RedisTests - The following 1 profile is active: "dev"
2025-08-12 14:35:03.654 [main] INFO  o.s.d.r.config.RepositoryConfigurationDelegate - Multiple Spring Data modules found, entering strict repository configuration mode
2025-08-12 14:35:03.656 [main] INFO  o.s.d.r.config.RepositoryConfigurationDelegate - Bootstrapping Spring Data Redis repositories in DEFAULT mode.
2025-08-12 14:35:03.689 [main] INFO  o.s.d.r.config.RepositoryConfigurationDelegate - Finished Spring Data repository scanning in 13 ms. Found 0 Redis repository interfaces.
2025-08-12 14:35:05.085 [main] INFO  c.a.d.s.b.a.DruidDataSourceAutoConfigure - Init DruidDataSource
2025-08-12 14:35:05.551 [main] INFO  com.alibaba.druid.pool.DruidDataSource - {dataSource-1} inited
2025-08-12 14:35:06.048 [main] INFO  com.itpractice.xiaohongshu.auth.RedisTests - Started RedisTests in 3.424 seconds (process running for 4.211)
2025-08-12 14:35:07.274 [SpringApplicationShutdownHook] INFO  com.alibaba.druid.pool.DruidDataSource - {dataSource-1} closing ...
2025-08-12 14:35:07.284 [SpringApplicationShutdownHook] INFO  com.alibaba.druid.pool.DruidDataSource - {dataSource-1} closed
2025-08-12 14:59:40.317 [main] INFO  c.i.xiaohongshu.auth.ThreadPoolTaskExecutorTests - Starting ThreadPoolTaskExecutorTests using Java 17.0.12 with PID 19600 (started by 31027 in D:\J2EE\TEST\xiaohongshu\xiaohongshu-auth)
2025-08-12 14:59:40.318 [main] INFO  c.i.xiaohongshu.auth.ThreadPoolTaskExecutorTests - The following 1 profile is active: "dev"
2025-08-12 14:59:40.991 [main] INFO  o.s.d.r.config.RepositoryConfigurationDelegate - Multiple Spring Data modules found, entering strict repository configuration mode
2025-08-12 14:59:40.994 [main] INFO  o.s.d.r.config.RepositoryConfigurationDelegate - Bootstrapping Spring Data Redis repositories in DEFAULT mode.
2025-08-12 14:59:41.029 [main] INFO  o.s.d.r.config.RepositoryConfigurationDelegate - Finished Spring Data repository scanning in 17 ms. Found 0 Redis repository interfaces.
2025-08-12 14:59:42.543 [main] INFO  c.a.d.s.b.a.DruidDataSourceAutoConfigure - Init DruidDataSource
2025-08-12 14:59:42.971 [main] INFO  com.alibaba.druid.pool.DruidDataSource - {dataSource-1} inited
2025-08-12 14:59:43.455 [main] INFO  c.i.xiaohongshu.auth.ThreadPoolTaskExecutorTests - Started ThreadPoolTaskExecutorTests in 3.536 seconds (process running for 4.4)
2025-08-12 14:59:44.031 [AuthExecutor-1] INFO  c.i.xiaohongshu.auth.ThreadPoolTaskExecutorTests - 异步线程中说: 0
2025-08-12 14:59:44.051 [SpringApplicationShutdownHook] INFO  com.alibaba.druid.pool.DruidDataSource - {dataSource-1} closing ...
2025-08-12 14:59:44.060 [SpringApplicationShutdownHook] INFO  com.alibaba.druid.pool.DruidDataSource - {dataSource-1} closed
